<?xml version="1.0" encoding="UTF-8"?>
<testsuite xmlns:xsi="http://www.w3.org/2001/XMLSchema-instance" xsi:noNamespaceSchemaLocation="https://maven.apache.org/surefire/maven-surefire-plugin/xsd/surefire-test-report-3.0.xsd" version="3.0" name="CalculadoraJurosTeste" time="0.101" tests="5" errors="0" skipped="0" failures="1">
  <properties>
[...]
</properties>
  <testcase name="deveNegarCalculoQuandoTempoForNegativo" classname="CalculadoraJurosTeste" time="0.035"/>
  <testcase name="deveNegarCalculoQuandoCapitalForNegativo" classname="CalculadoraJurosTeste" time="0.003"/>
  <testcase name="deveRetornarZeroQuandoCapitalForZero" classname="CalculadoraJurosTeste" time="0.002"/>
  <testcase name="deveManterMesmoValorQuandoTaxaForZero" classname="CalculadoraJurosTeste" time="0.002"/>
  <testcase name="calcularJurosSimples" classname="CalculadoraJurosTeste" time="0.013">
    <failure message="expected: &lt;1.1&gt; but was: &lt;1.01&gt;" type="org.opentest4j.AssertionFailedError"><![CDATA[org.opentest4j.AssertionFailedError: expected: <1.1> but was: <1.01>
	at org.junit.jupiter.api.AssertionFailureBuilder.build(AssertionFailureBuilder.java:151)
	at org.junit.jupiter.api.AssertionFailureBuilder.buildAndThrow(AssertionFailureBuilder.java:132)
	at org.junit.jupiter.api.AssertEquals.failNotEqual(AssertEquals.java:197)
	at org.junit.jupiter.api.AssertEquals.assertEquals(AssertEquals.java:70)
	at org.junit.jupiter.api.AssertEquals.assertEquals(AssertEquals.java:65)
	at org.junit.jupiter.api.Assertions.assertEquals(Assertions.java:889)
	at CalculadoraJurosTeste.calcularJurosSimples(CalculadoraJurosTeste.java:17)
	at java.base/java.lang.reflect.Method.invoke(Method.java:565)
	at java.base/java.util.ArrayList.forEach(ArrayList.java:1604)
	at java.base/java.util.ArrayList.forEach(ArrayList.java:1604)
]]></failure>
  </testcase>
</testsuite>